2023-02-06 20:22:24,070 - [line:65] - ERROR: 窗口:./image/win/win1.png|./image/win/win11.png暂无匹配!
2023-02-06 20:22:24,413 - [line:65] - ERROR: 窗口:./image/win/win1.png|./image/win/win11.png暂无匹配!
2023-02-06 20:22:24,414 - [line:93] - ERROR: 当前副本无法识别,请检测任务栏!
2023-02-06 20:23:01,706 - [line:63] - INFO: ------未匹配任务,请稍候------
2023-02-06 20:25:47,177 - [line:131] - ERROR: 注:win1任务栏未检测到,请检查!
2023-02-06 20:26:03,518 - [line:63] - INFO: ------未匹配任务,请稍候------
2023-02-06 20:26:19,824 - [line:63] - INFO: ------未匹配任务,请稍候------
2023-02-06 20:29:07,614 - [line:131] - ERROR: 注:win1任务栏未检测到,请检查!
2023-02-06 20:29:10,740 - [line:131] - ERROR: 注:win1任务栏未检测到,请检查!
2023-02-06 20:29:13,866 - [line:131] - ERROR: 注:win1任务栏未检测到,请检查!
2023-02-06 20:29:17,235 - [line:131] - ERROR: 注:win1任务栏未检测到,请检查!
2023-02-06 20:29:20,396 - [line:131] - ERROR: 注:win1任务栏未检测到,请检查!
2023-02-06 20:29:23,478 - [line:131] - ERROR: 注:win1任务栏未检测到,请检查!
2023-02-06 20:29:26,745 - [line:131] - ERROR: 注:win1任务栏未检测到,请检查!
2023-02-06 20:29:29,766 - [line:131] - ERROR: 注:win1任务栏未检测到,请检查!
2023-02-06 20:29:33,181 - [line:131] - ERROR: 注:win1任务栏未检测到,请检查!
2023-02-06 20:29:36,164 - [line:131] - ERROR: 注:win1任务栏未检测到,请检查!
2023-02-06 20:29:39,329 - [line:131] - ERROR: 注:win1任务栏未检测到,请检查!
2023-02-06 20:29:42,563 - [line:131] - ERROR: 注:win1任务栏未检测到,请检查!
2023-02-06 20:29:45,642 - [line:131] - ERROR: 注:win1任务栏未检测到,请检查!
2023-02-06 20:29:48,775 - [line:131] - ERROR: 注:win1任务栏未检测到,请检查!
2023-02-06 20:29:51,963 - [line:131] - ERROR: 注:win1任务栏未检测到,请检查!
2023-02-06 20:30:08,413 - [line:63] - INFO: ------未匹配任务,请稍候------
2023-02-06 20:30:25,580 - [line:63] - INFO: ------未匹配任务,请稍候------
2023-02-06 20:33:14,511 - [line:131] - ERROR: 注:win1任务栏未检测到,请检查!
2023-02-06 20:33:17,812 - [line:131] - ERROR: 注:win1任务栏未检测到,请检查!
2023-02-06 20:33:20,983 - [line:131] - ERROR: 注:win1任务栏未检测到,请检查!
2023-02-06 20:33:37,182 - [line:63] - INFO: ------未匹配任务,请稍候------
2023-02-06 20:33:53,453 - [line:63] - INFO: ------未匹配任务,请稍候------
2023-02-06 21:34:06,918 - [line:63] - INFO: ------未匹配任务,请稍候------
2023-02-06 21:34:18,887 - [line:63] - INFO: ------未匹配任务,请稍候------
2023-02-06 21:34:30,833 - [line:21] - INFO: ------BOSS执行逻辑------
2023-02-06 21:34:47,244 - [line:43] - INFO: boss is None
2023-02-06 21:43:21,504 - [line:63] - INFO: ------未匹配任务,请稍候------
2023-02-06 21:43:33,819 - [line:63] - INFO: ------未匹配任务,请稍候------
2023-02-06 21:47:22,153 - [line:90] - INFO: 当前副本为:邪神
2023-02-06 21:50:06,958 - [line:131] - ERROR: 注:win1任务栏未检测到,请检查!
2023-02-06 21:50:09,252 - [line:131] - ERROR: 注:win1任务栏未检测到,请检查!
2023-02-06 21:50:11,588 - [line:131] - ERROR: 注:win1任务栏未检测到,请检查!
2023-02-06 21:50:13,922 - [line:131] - ERROR: 注:win1任务栏未检测到,请检查!
2023-02-06 21:50:16,281 - [line:131] - ERROR: 注:win1任务栏未检测到,请检查!
2023-02-06 21:50:18,588 - [line:131] - ERROR: 注:win1任务栏未检测到,请检查!
2023-02-06 21:50:20,928 - [line:131] - ERROR: 注:win1任务栏未检测到,请检查!
2023-02-06 21:50:23,299 - [line:131] - ERROR: 注:win1任务栏未检测到,请检查!
2023-02-06 21:50:25,582 - [line:131] - ERROR: 注:win1任务栏未检测到,请检查!
2023-02-06 21:50:27,844 - [line:131] - ERROR: 注:win1任务栏未检测到,请检查!
2023-02-06 21:50:30,174 - [line:131] - ERROR: 注:win1任务栏未检测到,请检查!
2023-02-06 21:50:32,556 - [line:131] - ERROR: 注:win1任务栏未检测到,请检查!
2023-02-06 21:50:34,889 - [line:131] - ERROR: 注:win1任务栏未检测到,请检查!
2023-02-06 21:50:37,136 - [line:131] - ERROR: 注:win1任务栏未检测到,请检查!
2023-02-06 21:50:39,514 - [line:131] - ERROR: 注:win1任务栏未检测到,请检查!
2023-02-06 21:50:41,850 - [line:131] - ERROR: 注:win1任务栏未检测到,请检查!
2023-02-06 21:50:44,154 - [line:131] - ERROR: 注:win1任务栏未检测到,请检查!
2023-02-06 21:50:46,514 - [line:131] - ERROR: 注:win1任务栏未检测到,请检查!
2023-02-06 21:50:48,895 - [line:131] - ERROR: 注:win1任务栏未检测到,请检查!
2023-02-06 21:50:51,283 - [line:131] - ERROR: 注:win1任务栏未检测到,请检查!
2023-02-06 21:50:53,664 - [line:131] - ERROR: 注:win1任务栏未检测到,请检查!
2023-02-06 21:50:55,940 - [line:131] - ERROR: 注:win1任务栏未检测到,请检查!
2023-02-06 21:50:58,308 - [line:131] - ERROR: 注:win1任务栏未检测到,请检查!
2023-02-06 21:51:00,568 - [line:131] - ERROR: 注:win1任务栏未检测到,请检查!
2023-02-06 21:51:02,844 - [line:131] - ERROR: 注:win1任务栏未检测到,请检查!
2023-02-06 21:51:05,165 - [line:131] - ERROR: 注:win1任务栏未检测到,请检查!
2023-02-06 21:51:07,503 - [line:131] - ERROR: 注:win1任务栏未检测到,请检查!
2023-02-06 21:51:09,846 - [line:131] - ERROR: 注:win1任务栏未检测到,请检查!
2023-02-06 21:51:12,069 - [line:131] - ERROR: 注:win1任务栏未检测到,请检查!
2023-02-06 21:51:14,395 - [line:131] - ERROR: 注:win1任务栏未检测到,请检查!
2023-02-06 21:51:16,745 - [line:131] - ERROR: 注:win1任务栏未检测到,请检查!
2023-02-06 21:51:19,000 - [line:131] - ERROR: 注:win1任务栏未检测到,请检查!
2023-02-06 21:51:21,285 - [line:131] - ERROR: 注:win1任务栏未检测到,请检查!
2023-02-06 21:51:23,634 - [line:131] - ERROR: 注:win1任务栏未检测到,请检查!
2023-02-06 21:51:25,952 - [line:131] - ERROR: 注:win1任务栏未检测到,请检查!
2023-02-06 21:51:28,274 - [line:131] - ERROR: 注:win1任务栏未检测到,请检查!
2023-02-06 21:51:30,531 - [line:131] - ERROR: 注:win1任务栏未检测到,请检查!
2023-02-06 21:51:32,885 - [line:131] - ERROR: 注:win1任务栏未检测到,请检查!
2023-02-06 21:51:35,294 - [line:131] - ERROR: 注:win1任务栏未检测到,请检查!
2023-02-06 21:51:37,564 - [line:131] - ERROR: 注:win1任务栏未检测到,请检查!
2023-02-06 21:51:39,930 - [line:131] - ERROR: 注:win1任务栏未检测到,请检查!
2023-02-06 21:51:42,309 - [line:131] - ERROR: 注:win1任务栏未检测到,请检查!
2023-02-06 21:51:44,609 - [line:131] - ERROR: 注:win1任务栏未检测到,请检查!
2023-02-06 21:51:46,905 - [line:131] - ERROR: 注:win1任务栏未检测到,请检查!
2023-02-06 21:51:49,163 - [line:131] - ERROR: 注:win1任务栏未检测到,请检查!
2023-02-06 21:51:51,491 - [line:131] - ERROR: 注:win1任务栏未检测到,请检查!
2023-02-06 21:51:53,761 - [line:131] - ERROR: 注:win1任务栏未检测到,请检查!
2023-02-06 21:51:56,001 - [line:131] - ERROR: 注:win1任务栏未检测到,请检查!
2023-02-06 21:51:58,318 - [line:131] - ERROR: 注:win1任务栏未检测到,请检查!
2023-02-06 21:52:00,670 - [line:131] - ERROR: 注:win1任务栏未检测到,请检查!
2023-02-06 21:52:02,932 - [line:131] - ERROR: 注:win1任务栏未检测到,请检查!
2023-02-06 21:52:05,201 - [line:131] - ERROR: 注:win1任务栏未检测到,请检查!
2023-02-06 21:52:07,478 - [line:131] - ERROR: 注:win1任务栏未检测到,请检查!
2023-02-06 21:52:09,826 - [line:131] - ERROR: 注:win1任务栏未检测到,请检查!
2023-02-06 21:52:12,083 - [line:131] - ERROR: 注:win1任务栏未检测到,请检查!
2023-02-06 21:52:14,373 - [line:131] - ERROR: 注:win1任务栏未检测到,请检查!
2023-02-06 21:52:16,718 - [line:131] - ERROR: 注:win1任务栏未检测到,请检查!
2023-02-06 21:52:19,020 - [line:131] - ERROR: 注:win1任务栏未检测到,请检查!
2023-02-06 21:52:21,363 - [line:131] - ERROR: 注:win1任务栏未检测到,请检查!
2023-02-06 21:52:23,722 - [line:131] - ERROR: 注:win1任务栏未检测到,请检查!
2023-02-06 21:52:26,041 - [line:131] - ERROR: 注:win1任务栏未检测到,请检查!
2023-02-06 21:52:28,349 - [line:131] - ERROR: 注:win1任务栏未检测到,请检查!
2023-02-06 21:52:30,569 - [line:131] - ERROR: 注:win1任务栏未检测到,请检查!
2023-02-06 21:52:32,789 - [line:131] - ERROR: 注:win1任务栏未检测到,请检查!
2023-02-06 21:52:35,069 - [line:131] - ERROR: 注:win1任务栏未检测到,请检查!
2023-02-06 21:52:37,294 - [line:131] - ERROR: 注:win1任务栏未检测到,请检查!
2023-02-06 21:52:49,485 - [line:63] - INFO: ------未匹配任务,请稍候------
2023-02-06 21:53:02,470 - [line:63] - INFO: ------未匹配任务,请稍候------
2023-02-06 21:55:47,774 - [line:131] - ERROR: 注:win1任务栏未检测到,请检查!
2023-02-06 21:55:50,089 - [line:131] - ERROR: 注:win1任务栏未检测到,请检查!
2023-02-06 21:55:52,367 - [line:131] - ERROR: 注:win1任务栏未检测到,请检查!
2023-02-06 21:55:54,628 - [line:131] - ERROR: 注:win1任务栏未检测到,请检查!
2023-02-06 21:55:56,925 - [line:131] - ERROR: 注:win1任务栏未检测到,请检查!
2023-02-06 21:55:59,233 - [line:131] - ERROR: 注:win1任务栏未检测到,请检查!
2023-02-06 21:56:01,495 - [line:131] - ERROR: 注:win1任务栏未检测到,请检查!
2023-02-06 21:56:03,800 - [line:131] - ERROR: 注:win1任务栏未检测到,请检查!
2023-02-06 21:56:06,056 - [line:131] - ERROR: 注:win1任务栏未检测到,请检查!
2023-02-06 21:56:08,313 - [line:131] - ERROR: 注:win1任务栏未检测到,请检查!
2023-02-06 21:56:10,574 - [line:131] - ERROR: 注:win1任务栏未检测到,请检查!
2023-02-06 21:56:12,784 - [line:131] - ERROR: 注:win1任务栏未检测到,请检查!
2023-02-06 21:56:15,094 - [line:131] - ERROR: 注:win1任务栏未检测到,请检查!
2023-02-06 21:56:17,417 - [line:131] - ERROR: 注:win1任务栏未检测到,请检查!
2023-02-06 21:56:19,714 - [line:131] - ERROR: 注:win1任务栏未检测到,请检查!
2023-02-06 21:56:21,991 - [line:131] - ERROR: 注:win1任务栏未检测到,请检查!
2023-02-06 21:56:24,260 - [line:131] - ERROR: 注:win1任务栏未检测到,请检查!
2023-02-06 21:56:26,558 - [line:131] - ERROR: 注:win1任务栏未检测到,请检查!
2023-02-06 21:56:28,829 - [line:131] - ERROR: 注:win1任务栏未检测到,请检查!
2023-02-06 21:56:31,084 - [line:131] - ERROR: 注:win1任务栏未检测到,请检查!
2023-02-06 21:56:33,420 - [line:131] - ERROR: 注:win1任务栏未检测到,请检查!
2023-02-06 21:56:35,653 - [line:131] - ERROR: 注:win1任务栏未检测到,请检查!
2023-02-06 21:56:37,924 - [line:131] - ERROR: 注:win1任务栏未检测到,请检查!
2023-02-06 21:56:50,117 - [line:63] - INFO: ------未匹配任务,请稍候------
2023-02-06 21:57:02,637 - [line:63] - INFO: ------未匹配任务,请稍候------
2023-02-06 21:59:48,288 - [line:131] - ERROR: 注:win1任务栏未检测到,请检查!
2023-02-06 21:59:50,613 - [line:131] - ERROR: 注:win1任务栏未检测到,请检查!
2023-02-06 21:59:53,060 - [line:131] - ERROR: 注:win1任务栏未检测到,请检查!
2023-02-06 21:59:55,414 - [line:131] - ERROR: 注:win1任务栏未检测到,请检查!
2023-02-06 21:59:57,738 - [line:131] - ERROR: 注:win1任务栏未检测到,请检查!
2023-02-06 21:59:59,996 - [line:131] - ERROR: 注:win1任务栏未检测到,请检查!
2023-02-06 22:00:02,284 - [line:131] - ERROR: 注:win1任务栏未检测到,请检查!
2023-02-06 22:00:04,533 - [line:131] - ERROR: 注:win1任务栏未检测到,请检查!
2023-02-06 22:00:06,775 - [line:131] - ERROR: 注:win1任务栏未检测到,请检查!
2023-02-06 22:00:09,023 - [line:131] - ERROR: 注:win1任务栏未检测到,请检查!
2023-02-06 22:00:11,278 - [line:131] - ERROR: 注:win1任务栏未检测到,请检查!
2023-02-06 22:00:13,518 - [line:131] - ERROR: 注:win1任务栏未检测到,请检查!
2023-02-06 22:00:25,874 - [line:63] - INFO: ------未匹配任务,请稍候------
2023-02-06 22:00:38,407 - [line:63] - INFO: ------未匹配任务,请稍候------
2023-02-06 22:03:24,261 - [line:131] - ERROR: 注:win1任务栏未检测到,请检查!
2023-02-06 22:03:26,513 - [line:131] - ERROR: 注:win1任务栏未检测到,请检查!
2023-02-06 22:03:28,776 - [line:131] - ERROR: 注:win1任务栏未检测到,请检查!
2023-02-06 22:03:31,111 - [line:131] - ERROR: 注:win1任务栏未检测到,请检查!
2023-02-06 22:03:33,404 - [line:131] - ERROR: 注:win1任务栏未检测到,请检查!
2023-02-06 22:03:35,748 - [line:131] - ERROR: 注:win1任务栏未检测到,请检查!
2023-02-06 22:03:38,001 - [line:131] - ERROR: 注:win1任务栏未检测到,请检查!
2023-02-06 22:03:40,253 - [line:131] - ERROR: 注:win1任务栏未检测到,请检查!
2023-02-06 22:03:42,610 - [line:131] - ERROR: 注:win1任务栏未检测到,请检查!
2023-02-06 22:03:45,011 - [line:131] - ERROR: 注:win1任务栏未检测到,请检查!
2023-02-06 22:03:47,273 - [line:131] - ERROR: 注:win1任务栏未检测到,请检查!
2023-02-06 22:03:49,541 - [line:131] - ERROR: 注:win1任务栏未检测到,请检查!
2023-02-06 22:03:51,822 - [line:131] - ERROR: 注:win1任务栏未检测到,请检查!
2023-02-06 22:03:54,172 - [line:131] - ERROR: 注:win1任务栏未检测到,请检查!
2023-02-06 22:03:56,423 - [line:131] - ERROR: 注:win1任务栏未检测到,请检查!
2023-02-06 22:03:58,696 - [line:131] - ERROR: 注:win1任务栏未检测到,请检查!
2023-02-06 22:04:01,072 - [line:131] - ERROR: 注:win1任务栏未检测到,请检查!
2023-02-06 22:04:03,384 - [line:131] - ERROR: 注:win1任务栏未检测到,请检查!
2023-02-06 22:04:05,718 - [line:131] - ERROR: 注:win1任务栏未检测到,请检查!
2023-02-06 22:04:07,932 - [line:131] - ERROR: 注:win1任务栏未检测到,请检查!
2023-02-06 22:04:10,202 - [line:131] - ERROR: 注:win1任务栏未检测到,请检查!
2023-02-06 22:04:12,471 - [line:131] - ERROR: 注:win1任务栏未检测到,请检查!
2023-02-06 22:04:14,723 - [line:131] - ERROR: 注:win1任务栏未检测到,请检查!
2023-02-06 22:04:16,949 - [line:131] - ERROR: 注:win1任务栏未检测到,请检查!
2023-02-06 22:04:19,218 - [line:131] - ERROR: 注:win1任务栏未检测到,请检查!
2023-02-06 22:04:21,547 - [line:131] - ERROR: 注:win1任务栏未检测到,请检查!
2023-02-06 22:04:33,863 - [line:63] - INFO: ------未匹配任务,请稍候------
2023-02-06 22:20:13,373 - [line:90] - INFO: 当前副本为:邪神
2023-02-06 22:22:58,239 - [line:131] - ERROR: 注:win1任务栏未检测到,请检查!
2023-02-06 22:23:00,691 - [line:131] - ERROR: 注:win1任务栏未检测到,请检查!
2023-02-06 22:23:03,042 - [line:131] - ERROR: 注:win1任务栏未检测到,请检查!
2023-02-06 22:23:05,293 - [line:131] - ERROR: 注:win1任务栏未检测到,请检查!
2023-02-06 22:23:07,654 - [line:131] - ERROR: 注:win1任务栏未检测到,请检查!
2023-02-06 22:23:09,947 - [line:131] - ERROR: 注:win1任务栏未检测到,请检查!
2023-02-06 22:23:12,303 - [line:131] - ERROR: 注:win1任务栏未检测到,请检查!
2023-02-06 22:23:14,567 - [line:131] - ERROR: 注:win1任务栏未检测到,请检查!
2023-02-06 22:23:16,933 - [line:131] - ERROR: 注:win1任务栏未检测到,请检查!
2023-02-06 22:23:19,272 - [line:131] - ERROR: 注:win1任务栏未检测到,请检查!
2023-02-06 22:23:21,534 - [line:131] - ERROR: 注:win1任务栏未检测到,请检查!
2023-02-06 22:23:23,827 - [line:131] - ERROR: 注:win1任务栏未检测到,请检查!
2023-02-06 22:23:26,183 - [line:131] - ERROR: 注:win1任务栏未检测到,请检查!
2023-02-06 22:23:28,468 - [line:131] - ERROR: 注:win1任务栏未检测到,请检查!
2023-02-06 22:23:30,718 - [line:131] - ERROR: 注:win1任务栏未检测到,请检查!
2023-02-06 22:23:32,955 - [line:131] - ERROR: 注:win1任务栏未检测到,请检查!
2023-02-06 22:23:35,211 - [line:131] - ERROR: 注:win1任务栏未检测到,请检查!
2023-02-06 22:23:37,542 - [line:131] - ERROR: 注:win1任务栏未检测到,请检查!
2023-02-06 22:23:39,779 - [line:131] - ERROR: 注:win1任务栏未检测到,请检查!
2023-02-06 22:23:42,105 - [line:131] - ERROR: 注:win1任务栏未检测到,请检查!
2023-02-06 22:23:44,497 - [line:131] - ERROR: 注:win1任务栏未检测到,请检查!
2023-02-06 22:23:46,775 - [line:131] - ERROR: 注:win1任务栏未检测到,请检查!
2023-02-06 22:23:49,067 - [line:131] - ERROR: 注:win1任务栏未检测到,请检查!
2023-02-06 22:23:51,442 - [line:131] - ERROR: 注:win1任务栏未检测到,请检查!
2023-02-06 22:23:53,770 - [line:131] - ERROR: 注:win1任务栏未检测到,请检查!
2023-02-06 22:23:56,044 - [line:131] - ERROR: 注:win1任务栏未检测到,请检查!
2023-02-06 22:23:58,309 - [line:131] - ERROR: 注:win1任务栏未检测到,请检查!
2023-02-06 22:24:00,668 - [line:131] - ERROR: 注:win1任务栏未检测到,请检查!
2023-02-06 22:24:03,035 - [line:131] - ERROR: 注:win1任务栏未检测到,请检查!
2023-02-06 22:24:05,340 - [line:131] - ERROR: 注:win1任务栏未检测到,请检查!
2023-02-06 22:24:07,577 - [line:131] - ERROR: 注:win1任务栏未检测到,请检查!
2023-02-06 22:24:09,855 - [line:131] - ERROR: 注:win1任务栏未检测到,请检查!
2023-02-06 22:24:12,164 - [line:131] - ERROR: 注:win1任务栏未检测到,请检查!
2023-02-06 22:24:14,446 - [line:131] - ERROR: 注:win1任务栏未检测到,请检查!
2023-02-06 22:24:16,766 - [line:131] - ERROR: 注:win1任务栏未检测到,请检查!
2023-02-06 22:24:19,112 - [line:131] - ERROR: 注:win1任务栏未检测到,请检查!
2023-02-06 22:24:21,396 - [line:131] - ERROR: 注:win1任务栏未检测到,请检查!
2023-02-06 22:24:23,689 - [line:131] - ERROR: 注:win1任务栏未检测到,请检查!
2023-02-06 22:24:26,108 - [line:131] - ERROR: 注:win1任务栏未检测到,请检查!
2023-02-06 22:24:28,396 - [line:131] - ERROR: 注:win1任务栏未检测到,请检查!
2023-02-06 22:24:30,649 - [line:131] - ERROR: 注:win1任务栏未检测到,请检查!
2023-02-06 22:24:32,893 - [line:131] - ERROR: 注:win1任务栏未检测到,请检查!
2023-02-06 22:24:35,150 - [line:131] - ERROR: 注:win1任务栏未检测到,请检查!
2023-02-06 22:24:37,476 - [line:131] - ERROR: 注:win1任务栏未检测到,请检查!
2023-02-06 22:24:39,710 - [line:131] - ERROR: 注:win1任务栏未检测到,请检查!
2023-02-06 22:24:41,934 - [line:131] - ERROR: 注:win1任务栏未检测到,请检查!
2023-02-06 22:24:44,220 - [line:131] - ERROR: 注:win1任务栏未检测到,请检查!
2023-02-06 22:24:46,544 - [line:131] - ERROR: 注:win1任务栏未检测到,请检查!
2023-02-06 22:24:48,842 - [line:131] - ERROR: 注:win1任务栏未检测到,请检查!
2023-02-06 22:24:51,160 - [line:131] - ERROR: 注:win1任务栏未检测到,请检查!
2023-02-06 22:24:53,397 - [line:131] - ERROR: 注:win1任务栏未检测到,请检查!
2023-02-06 22:24:55,722 - [line:131] - ERROR: 注:win1任务栏未检测到,请检查!
2023-02-06 22:24:58,008 - [line:131] - ERROR: 注:win1任务栏未检测到,请检查!
2023-02-06 22:25:00,204 - [line:131] - ERROR: 注:win1任务栏未检测到,请检查!
2023-02-06 22:25:02,471 - [line:131] - ERROR: 注:win1任务栏未检测到,请检查!
2023-02-06 22:25:04,796 - [line:131] - ERROR: 注:win1任务栏未检测到,请检查!
2023-02-06 22:25:07,077 - [line:131] - ERROR: 注:win1任务栏未检测到,请检查!
2023-02-06 22:25:09,381 - [line:131] - ERROR: 注:win1任务栏未检测到,请检查!
2023-02-06 22:25:11,746 - [line:131] - ERROR: 注:win1任务栏未检测到,请检查!
2023-02-06 22:25:14,104 - [line:131] - ERROR: 注:win1任务栏未检测到,请检查!
2023-02-06 22:25:16,365 - [line:131] - ERROR: 注:win1任务栏未检测到,请检查!
2023-02-06 22:25:18,572 - [line:131] - ERROR: 注:win1任务栏未检测到,请检查!
2023-02-06 22:25:20,894 - [line:131] - ERROR: 注:win1任务栏未检测到,请检查!
2023-02-06 22:25:23,266 - [line:131] - ERROR: 注:win1任务栏未检测到,请检查!
2023-02-06 22:25:25,519 - [line:131] - ERROR: 注:win1任务栏未检测到,请检查!
2023-02-06 22:25:28,032 - [line:131] - ERROR: 注:win1任务栏未检测到,请检查!
2023-02-06 22:28:01,976 - [line:90] - INFO: 当前副本为:邪神
2023-02-06 22:28:14,470 - [line:63] - INFO: ------未匹配任务,请稍候------
2023-02-06 22:30:59,409 - [line:131] - ERROR: 注:win1任务栏未检测到,请检查!
2023-02-06 22:31:01,716 - [line:131] - ERROR: 注:win1任务栏未检测到,请检查!
2023-02-06 22:31:04,032 - [line:131] - ERROR: 注:win1任务栏未检测到,请检查!
2023-02-06 22:31:06,268 - [line:131] - ERROR: 注:win1任务栏未检测到,请检查!
2023-02-06 22:31:08,525 - [line:131] - ERROR: 注:win1任务栏未检测到,请检查!
2023-02-06 22:31:10,792 - [line:131] - ERROR: 注:win1任务栏未检测到,请检查!
2023-02-06 22:31:13,132 - [line:131] - ERROR: 注:win1任务栏未检测到,请检查!
2023-02-06 22:31:15,385 - [line:131] - ERROR: 注:win1任务栏未检测到,请检查!
2023-02-06 22:31:17,645 - [line:131] - ERROR: 注:win1任务栏未检测到,请检查!
2023-02-06 22:31:19,964 - [line:131] - ERROR: 注:win1任务栏未检测到,请检查!
2023-02-06 22:31:22,302 - [line:131] - ERROR: 注:win1任务栏未检测到,请检查!
2023-02-06 22:31:24,579 - [line:131] - ERROR: 注:win1任务栏未检测到,请检查!
2023-02-06 22:31:26,820 - [line:131] - ERROR: 注:win1任务栏未检测到,请检查!
2023-02-06 22:31:29,076 - [line:131] - ERROR: 注:win1任务栏未检测到,请检查!
2023-02-06 22:31:31,402 - [line:131] - ERROR: 注:win1任务栏未检测到,请检查!
2023-02-06 22:31:33,663 - [line:131] - ERROR: 注:win1任务栏未检测到,请检查!
2023-02-06 22:31:35,858 - [line:131] - ERROR: 注:win1任务栏未检测到,请检查!
2023-02-06 22:31:38,150 - [line:131] - ERROR: 注:win1任务栏未检测到,请检查!
2023-02-06 22:31:40,471 - [line:131] - ERROR: 注:win1任务栏未检测到,请检查!
2023-02-06 22:31:42,726 - [line:131] - ERROR: 注:win1任务栏未检测到,请检查!
2023-02-06 22:31:45,007 - [line:131] - ERROR: 注:win1任务栏未检测到,请检查!
2023-02-06 22:31:47,297 - [line:131] - ERROR: 注:win1任务栏未检测到,请检查!
2023-02-06 22:31:49,585 - [line:131] - ERROR: 注:win1任务栏未检测到,请检查!
2023-02-06 22:31:51,939 - [line:131] - ERROR: 注:win1任务栏未检测到,请检查!
2023-02-06 22:31:54,203 - [line:131] - ERROR: 注:win1任务栏未检测到,请检查!
2023-02-06 22:31:56,532 - [line:131] - ERROR: 注:win1任务栏未检测到,请检查!
2023-02-06 22:32:09,031 - [line:63] - INFO: ------未匹配任务,请稍候------
2023-02-06 22:32:21,616 - [line:63] - INFO: ------未匹配任务,请稍候------
2023-02-06 22:35:07,039 - [line:131] - ERROR: 注:win1任务栏未检测到,请检查!
2023-02-06 22:35:09,293 - [line:131] - ERROR: 注:win1任务栏未检测到,请检查!
2023-02-06 22:35:11,565 - [line:131] - ERROR: 注:win1任务栏未检测到,请检查!
2023-02-06 22:35:13,916 - [line:131] - ERROR: 注:win1任务栏未检测到,请检查!
2023-02-06 22:35:16,190 - [line:131] - ERROR: 注:win1任务栏未检测到,请检查!
2023-02-06 22:35:18,464 - [line:131] - ERROR: 注:win1任务栏未检测到,请检查!
2023-02-06 22:35:20,712 - [line:131] - ERROR: 注:win1任务栏未检测到,请检查!
2023-02-06 22:35:23,000 - [line:131] - ERROR: 注:win1任务栏未检测到,请检查!
2023-02-06 22:35:25,340 - [line:131] - ERROR: 注:win1任务栏未检测到,请检查!
2023-02-06 22:35:27,594 - [line:131] - ERROR: 注:win1任务栏未检测到,请检查!
2023-02-06 22:35:29,831 - [line:131] - ERROR: 注:win1任务栏未检测到,请检查!
2023-02-06 22:35:32,175 - [line:131] - ERROR: 注:win1任务栏未检测到,请检查!
2023-02-06 22:35:34,436 - [line:131] - ERROR: 注:win1任务栏未检测到,请检查!
2023-02-06 22:35:36,716 - [line:131] - ERROR: 注:win1任务栏未检测到,请检查!
2023-02-06 22:35:38,959 - [line:131] - ERROR: 注:win1任务栏未检测到,请检查!
2023-02-06 22:35:41,252 - [line:131] - ERROR: 注:win1任务栏未检测到,请检查!
2023-02-06 22:35:43,557 - [line:131] - ERROR: 注:win1任务栏未检测到,请检查!
2023-02-06 22:35:45,795 - [line:131] - ERROR: 注:win1任务栏未检测到,请检查!
2023-02-06 22:35:48,037 - [line:131] - ERROR: 注:win1任务栏未检测到,请检查!
2023-02-06 22:35:50,348 - [line:131] - ERROR: 注:win1任务栏未检测到,请检查!
2023-02-06 22:35:52,687 - [line:131] - ERROR: 注:win1任务栏未检测到,请检查!
2023-02-06 22:35:55,036 - [line:131] - ERROR: 注:win1任务栏未检测到,请检查!
2023-02-06 22:35:57,321 - [line:131] - ERROR: 注:win1任务栏未检测到,请检查!
2023-02-06 22:35:59,673 - [line:131] - ERROR: 注:win1任务栏未检测到,请检查!
2023-02-06 22:36:02,044 - [line:131] - ERROR: 注:win1任务栏未检测到,请检查!
2023-02-06 22:36:04,317 - [line:131] - ERROR: 注:win1任务栏未检测到,请检查!
2023-02-06 22:36:06,650 - [line:131] - ERROR: 注:win1任务栏未检测到,请检查!
2023-02-06 22:36:08,967 - [line:131] - ERROR: 注:win1任务栏未检测到,请检查!
2023-02-06 22:36:11,253 - [line:131] - ERROR: 注:win1任务栏未检测到,请检查!
2023-02-06 22:36:13,501 - [line:131] - ERROR: 注:win1任务栏未检测到,请检查!
2023-02-06 22:36:15,815 - [line:131] - ERROR: 注:win1任务栏未检测到,请检查!
2023-02-06 22:36:18,164 - [line:131] - ERROR: 注:win1任务栏未检测到,请检查!
2023-02-06 22:36:20,464 - [line:131] - ERROR: 注:win1任务栏未检测到,请检查!
2023-02-06 22:36:22,771 - [line:131] - ERROR: 注:win1任务栏未检测到,请检查!
2023-02-06 22:36:25,121 - [line:131] - ERROR: 注:win1任务栏未检测到,请检查!
2023-02-06 22:36:27,366 - [line:131] - ERROR: 注:win1任务栏未检测到,请检查!
2023-02-06 22:36:29,595 - [line:131] - ERROR: 注:win1任务栏未检测到,请检查!
2023-02-06 22:36:31,843 - [line:131] - ERROR: 注:win1任务栏未检测到,请检查!
2023-02-06 22:36:34,128 - [line:131] - ERROR: 注:win1任务栏未检测到,请检查!
2023-02-06 22:36:36,397 - [line:131] - ERROR: 注:win1任务栏未检测到,请检查!
2023-02-06 22:36:48,584 - [line:63] - INFO: ------未匹配任务,请稍候------
2023-02-06 22:37:01,024 - [line:63] - INFO: ------未匹配任务,请稍候------
2023-02-06 22:39:46,750 - [line:131] - ERROR: 注:win1任务栏未检测到,请检查!
2023-02-06 22:39:49,010 - [line:131] - ERROR: 注:win1任务栏未检测到,请检查!
2023-02-06 22:39:51,246 - [line:131] - ERROR: 注:win1任务栏未检测到,请检查!
2023-02-06 22:39:53,520 - [line:131] - ERROR: 注:win1任务栏未检测到,请检查!
2023-02-06 22:39:55,845 - [line:131] - ERROR: 注:win1任务栏未检测到,请检查!
2023-02-06 22:39:58,119 - [line:131] - ERROR: 注:win1任务栏未检测到,请检查!
2023-02-06 22:40:00,391 - [line:131] - ERROR: 注:win1任务栏未检测到,请检查!
2023-02-06 22:40:02,723 - [line:131] - ERROR: 注:win1任务栏未检测到,请检查!
2023-02-06 22:40:05,048 - [line:131] - ERROR: 注:win1任务栏未检测到,请检查!
2023-02-06 22:40:07,419 - [line:131] - ERROR: 注:win1任务栏未检测到,请检查!
2023-02-06 22:40:09,738 - [line:131] - ERROR: 注:win1任务栏未检测到,请检查!
2023-02-06 22:40:11,998 - [line:131] - ERROR: 注:win1任务栏未检测到,请检查!
2023-02-06 22:40:14,343 - [line:131] - ERROR: 注:win1任务栏未检测到,请检查!
2023-02-06 22:40:16,646 - [line:131] - ERROR: 注:win1任务栏未检测到,请检查!
2023-02-06 22:40:18,961 - [line:131] - ERROR: 注:win1任务栏未检测到,请检查!
2023-02-06 22:40:21,310 - [line:131] - ERROR: 注:win1任务栏未检测到,请检查!
2023-02-06 22:40:23,698 - [line:131] - ERROR: 注:win1任务栏未检测到,请检查!
2023-02-06 22:40:25,956 - [line:131] - ERROR: 注:win1任务栏未检测到,请检查!
2023-02-06 22:40:28,198 - [line:131] - ERROR: 注:win1任务栏未检测到,请检查!
2023-02-06 22:40:30,485 - [line:131] - ERROR: 注:win1任务栏未检测到,请检查!
2023-02-06 22:40:32,895 - [line:131] - ERROR: 注:win1任务栏未检测到,请检查!
2023-02-06 22:40:35,180 - [line:131] - ERROR: 注:win1任务栏未检测到,请检查!
2023-02-06 22:40:37,521 - [line:131] - ERROR: 注:win1任务栏未检测到,请检查!
2023-02-06 22:40:39,785 - [line:131] - ERROR: 注:win1任务栏未检测到,请检查!
2023-02-06 22:40:42,108 - [line:131] - ERROR: 注:win1任务栏未检测到,请检查!
2023-02-06 22:40:44,408 - [line:131] - ERROR: 注:win1任务栏未检测到,请检查!
2023-02-06 22:40:46,712 - [line:131] - ERROR: 注:win1任务栏未检测到,请检查!
2023-02-06 22:40:49,087 - [line:131] - ERROR: 注:win1任务栏未检测到,请检查!
2023-02-06 22:40:51,415 - [line:131] - ERROR: 注:win1任务栏未检测到,请检查!
2023-02-06 22:40:53,651 - [line:131] - ERROR: 注:win1任务栏未检测到,请检查!
2023-02-06 22:41:05,895 - [line:63] - INFO: ------未匹配任务,请稍候------
2023-02-06 22:41:18,412 - [line:63] - INFO: ------未匹配任务,请稍候------
2023-02-06 22:41:30,801 - [line:21] - INFO: ------BOSS执行逻辑------
2023-02-06 22:41:47,474 - [line:43] - INFO: boss is None
2023-02-06 22:54:26,206 - [line:98] - INFO: 当前副本为:大禹治水
2023-02-06 22:54:38,274 - [line:71] - INFO: ------未匹配任务,请稍候------
2023-02-06 23:09:56,370 - [line:98] - INFO: 当前副本为:大禹治水
2023-02-06 23:10:08,578 - [line:71] - INFO: ------未匹配任务,请稍候------
2023-02-06 23:10:20,536 - [line:21] - INFO: ------BOSS执行逻辑------
2023-02-06 23:10:37,058 - [line:68] - INFO: boss is None
2023-02-06 23:22:14,054 - [line:100] - INFO: 当前副本为:邪神
2023-02-06 23:22:26,716 - [line:21] - INFO: ------BOSS执行逻辑------
2023-02-06 23:22:43,497 - [line:70] - INFO: boss is None
2023-02-06 23:27:04,185 - [line:100] - INFO: 当前副本为:邪神
2023-02-06 23:27:16,803 - [line:73] - INFO: ------未匹配任务,请稍候------
2023-02-06 23:30:01,863 - [line:131] - ERROR: 注:win1任务栏未检测到,请检查!
2023-02-06 23:30:04,153 - [line:131] - ERROR: 注:win1任务栏未检测到,请检查!
2023-02-06 23:30:06,507 - [line:131] - ERROR: 注:win1任务栏未检测到,请检查!
2023-02-06 23:30:08,792 - [line:131] - ERROR: 注:win1任务栏未检测到,请检查!
2023-02-06 23:30:11,141 - [line:131] - ERROR: 注:win1任务栏未检测到,请检查!
2023-02-06 23:30:13,464 - [line:131] - ERROR: 注:win1任务栏未检测到,请检查!
2023-02-06 23:30:15,804 - [line:131] - ERROR: 注:win1任务栏未检测到,请检查!
2023-02-06 23:30:18,056 - [line:131] - ERROR: 注:win1任务栏未检测到,请检查!
2023-02-06 23:30:20,337 - [line:131] - ERROR: 注:win1任务栏未检测到,请检查!
2023-02-06 23:30:22,693 - [line:131] - ERROR: 注:win1任务栏未检测到,请检查!
2023-02-06 23:30:25,110 - [line:131] - ERROR: 注:win1任务栏未检测到,请检查!
2023-02-06 23:30:27,392 - [line:131] - ERROR: 注:win1任务栏未检测到,请检查!
2023-02-06 23:30:29,686 - [line:131] - ERROR: 注:win1任务栏未检测到,请检查!
2023-02-06 23:30:32,091 - [line:131] - ERROR: 注:win1任务栏未检测到,请检查!
2023-02-06 23:30:34,415 - [line:131] - ERROR: 注:win1任务栏未检测到,请检查!
2023-02-06 23:30:36,704 - [line:131] - ERROR: 注:win1任务栏未检测到,请检查!
2023-02-06 23:30:38,989 - [line:131] - ERROR: 注:win1任务栏未检测到,请检查!
2023-02-06 23:30:41,305 - [line:131] - ERROR: 注:win1任务栏未检测到,请检查!
2023-02-06 23:30:43,556 - [line:131] - ERROR: 注:win1任务栏未检测到,请检查!
2023-02-06 23:30:45,788 - [line:131] - ERROR: 注:win1任务栏未检测到,请检查!
2023-02-06 23:30:48,099 - [line:131] - ERROR: 注:win1任务栏未检测到,请检查!
2023-02-06 23:30:50,452 - [line:131] - ERROR: 注:win1任务栏未检测到,请检查!
2023-02-06 23:30:52,761 - [line:131] - ERROR: 注:win1任务栏未检测到,请检查!
2023-02-06 23:30:55,032 - [line:131] - ERROR: 注:win1任务栏未检测到,请检查!
2023-02-06 23:30:57,361 - [line:131] - ERROR: 注:win1任务栏未检测到,请检查!
2023-02-06 23:31:10,121 - [line:73] - INFO: ------未匹配任务,请稍候------
2023-02-06 23:31:23,081 - [line:73] - INFO: ------未匹配任务,请稍候------
2023-02-06 23:34:08,512 - [line:131] - ERROR: 注:win1任务栏未检测到,请检查!
2023-02-06 23:34:10,830 - [line:131] - ERROR: 注:win1任务栏未检测到,请检查!
2023-02-06 23:34:13,116 - [line:131] - ERROR: 注:win1任务栏未检测到,请检查!
2023-02-06 23:34:15,423 - [line:131] - ERROR: 注:win1任务栏未检测到,请检查!
2023-02-06 23:34:17,785 - [line:131] - ERROR: 注:win1任务栏未检测到,请检查!
2023-02-06 23:34:20,081 - [line:131] - ERROR: 注:win1任务栏未检测到,请检查!
2023-02-06 23:34:22,367 - [line:131] - ERROR: 注:win1任务栏未检测到,请检查!
2023-02-06 23:34:24,639 - [line:131] - ERROR: 注:win1任务栏未检测到,请检查!
2023-02-06 23:34:26,989 - [line:131] - ERROR: 注:win1任务栏未检测到,请检查!
2023-02-06 23:34:29,240 - [line:131] - ERROR: 注:win1任务栏未检测到,请检查!
2023-02-06 23:34:31,544 - [line:131] - ERROR: 注:win1任务栏未检测到,请检查!
2023-02-06 23:34:33,830 - [line:131] - ERROR: 注:win1任务栏未检测到,请检查!
2023-02-06 23:34:36,129 - [line:131] - ERROR: 注:win1任务栏未检测到,请检查!
2023-02-06 23:34:38,394 - [line:131] - ERROR: 注:win1任务栏未检测到,请检查!
2023-02-06 23:34:40,624 - [line:131] - ERROR: 注:win1任务栏未检测到,请检查!
2023-02-06 23:34:42,923 - [line:131] - ERROR: 注:win1任务栏未检测到,请检查!
2023-02-06 23:34:45,244 - [line:131] - ERROR: 注:win1任务栏未检测到,请检查!
2023-02-06 23:34:47,563 - [line:131] - ERROR: 注:win1任务栏未检测到,请检查!
2023-02-06 23:34:49,840 - [line:131] - ERROR: 注:win1任务栏未检测到,请检查!
2023-02-06 23:34:52,133 - [line:131] - ERROR: 注:win1任务栏未检测到,请检查!
2023-02-06 23:34:54,423 - [line:131] - ERROR: 注:win1任务栏未检测到,请检查!
2023-02-06 23:34:56,737 - [line:131] - ERROR: 注:win1任务栏未检测到,请检查!
2023-02-06 23:34:59,076 - [line:131] - ERROR: 注:win1任务栏未检测到,请检查!
2023-02-06 23:35:01,440 - [line:131] - ERROR: 注:win1任务栏未检测到,请检查!
2023-02-06 23:35:03,780 - [line:131] - ERROR: 注:win1任务栏未检测到,请检查!
2023-02-06 23:35:06,036 - [line:131] - ERROR: 注:win1任务栏未检测到,请检查!
2023-02-06 23:35:08,251 - [line:131] - ERROR: 注:win1任务栏未检测到,请检查!
2023-02-06 23:35:10,541 - [line:131] - ERROR: 注:win1任务栏未检测到,请检查!
2023-02-06 23:35:12,903 - [line:131] - ERROR: 注:win1任务栏未检测到,请检查!
2023-02-06 23:35:15,206 - [line:131] - ERROR: 注:win1任务栏未检测到,请检查!
2023-02-06 23:35:17,507 - [line:131] - ERROR: 注:win1任务栏未检测到,请检查!
2023-02-06 23:35:19,795 - [line:131] - ERROR: 注:win1任务栏未检测到,请检查!
2023-02-06 23:35:22,153 - [line:131] - ERROR: 注:win1任务栏未检测到,请检查!
2023-02-06 23:35:24,423 - [line:131] - ERROR: 注:win1任务栏未检测到,请检查!
2023-02-06 23:35:26,826 - [line:131] - ERROR: 注:win1任务栏未检测到,请检查!
2023-02-06 23:35:29,159 - [line:131] - ERROR: 注:win1任务栏未检测到,请检查!
2023-02-06 23:35:31,421 - [line:131] - ERROR: 注:win1任务栏未检测到,请检查!
2023-02-06 23:35:33,664 - [line:131] - ERROR: 注:win1任务栏未检测到,请检查!
2023-02-06 23:35:35,893 - [line:131] - ERROR: 注:win1任务栏未检测到,请检查!
2023-02-06 23:35:38,149 - [line:131] - ERROR: 注:win1任务栏未检测到,请检查!
2023-02-06 23:35:40,410 - [line:131] - ERROR: 注:win1任务栏未检测到,请检查!
2023-02-06 23:35:42,672 - [line:131] - ERROR: 注:win1任务栏未检测到,请检查!
2023-02-06 23:35:44,932 - [line:131] - ERROR: 注:win1任务栏未检测到,请检查!
2023-02-06 23:35:47,284 - [line:131] - ERROR: 注:win1任务栏未检测到,请检查!
2023-02-06 23:35:49,603 - [line:131] - ERROR: 注:win1任务栏未检测到,请检查!
2023-02-06 23:35:51,942 - [line:131] - ERROR: 注:win1任务栏未检测到,请检查!
2023-02-06 23:35:54,262 - [line:131] - ERROR: 注:win1任务栏未检测到,请检查!
2023-02-06 23:35:56,560 - [line:131] - ERROR: 注:win1任务栏未检测到,请检查!
2023-02-06 23:35:58,822 - [line:131] - ERROR: 注:win1任务栏未检测到,请检查!
2023-02-06 23:36:01,035 - [line:131] - ERROR: 注:win1任务栏未检测到,请检查!
2023-02-06 23:36:03,284 - [line:131] - ERROR: 注:win1任务栏未检测到,请检查!
2023-02-06 23:36:15,835 - [line:73] - INFO: ------未匹配任务,请稍候------
2023-02-06 23:36:28,429 - [line:73] - INFO: ------未匹配任务,请稍候------
2023-02-06 23:42:28,694 - [line:94] - INFO: 当前副本为:邪神
2023-02-06 23:42:41,203 - [line:21] - INFO: ------BOSS执行逻辑------
2023-02-06 23:42:57,665 - [line:40] - INFO: boss is not None
2023-02-06 23:42:57,666 - [line:42] - INFO: --------BOSS EXIST 集火主怪----------
2023-02-06 23:43:01,876 - [line:57] - INFO: 未检测到BOSS,自动
2023-02-06 23:43:07,594 - [line:54] - INFO: 存在窗口集火BOSS
2023-02-06 23:43:13,264 - [line:54] - INFO: 存在窗口集火BOSS
2023-02-06 23:43:23,266 - [line:42] - INFO: --------BOSS EXIST 集火主怪----------
2023-02-06 23:43:29,003 - [line:54] - INFO: 存在窗口集火BOSS
2023-02-06 23:43:34,768 - [line:54] - INFO: 存在窗口集火BOSS
2023-02-06 23:43:40,511 - [line:54] - INFO: 存在窗口集火BOSS
2023-02-06 23:43:50,512 - [line:42] - INFO: --------BOSS EXIST 集火主怪----------
2023-02-06 23:43:56,177 - [line:54] - INFO: 存在窗口集火BOSS
2023-02-06 23:44:01,987 - [line:54] - INFO: 存在窗口集火BOSS
2023-02-06 23:44:06,270 - [line:57] - INFO: 未检测到BOSS,自动
