2023-02-06 16:52:31,582 - [line:18] - INFO: 第 1 次自动！
2023-02-06 16:52:31,749 - [line:65] - ERROR: 窗口:./image/win/win1.png|./image/win/win11.png暂无匹配!
2023-02-06 16:52:31,753 - [line:37] - ERROR: 注:---------win1 窗口未打开或无法识别!
2023-02-06 16:52:32,000 - [line:65] - ERROR: 窗口:./image/win/win2.png|./image/win/win21.png暂无匹配!
2023-02-06 16:52:32,002 - [line:37] - ERROR: 注:---------win2 窗口未打开或无法识别!
2023-02-06 16:52:32,107 - [line:65] - ERROR: 窗口:./image/win/win3.png暂无匹配!
2023-02-06 16:52:32,107 - [line:37] - ERROR: 注:---------win3 窗口未打开或无法识别!
2023-02-06 16:52:32,107 - [line:41] - ERROR: -------------窗口全部异常,请检查窗口!-------------
2023-02-06 16:52:32,113 - [line:53] - INFO: -------------自动任务结束-------------
2023-02-07 06:37:59,619 - [line:18] - INFO: 第 1 次自动！
2023-02-07 06:38:01,621 - [line:22] - INFO: ------------win1 Light up ------------
2023-02-07 06:38:39,260 - [line:22] - INFO: ------------win2 Light up ------------
2023-02-07 06:39:16,952 - [line:22] - INFO: ------------win3 Light up ------------
2023-02-07 06:41:58,009 - [line:18] - INFO: 第 2 次自动！
2023-02-07 06:41:59,937 - [line:22] - INFO: ------------win1 Light up ------------
2023-02-07 06:42:04,520 - [line:22] - INFO: ------------win2 Light up ------------
2023-02-07 06:42:08,792 - [line:22] - INFO: ------------win3 Light up ------------
2023-02-07 06:44:16,284 - [line:18] - INFO: 第 3 次自动！
2023-02-07 06:44:18,237 - [line:22] - INFO: ------------win1 Light up ------------
2023-02-07 06:44:22,784 - [line:22] - INFO: ------------win2 Light up ------------
2023-02-07 06:44:27,158 - [line:22] - INFO: ------------win3 Light up ------------
2023-02-07 06:46:34,515 - [line:18] - INFO: 第 4 次自动！
2023-02-07 06:46:36,471 - [line:22] - INFO: ------------win1 Light up ------------
2023-02-07 06:46:40,822 - [line:22] - INFO: ------------win2 Light up ------------
2023-02-07 06:46:44,993 - [line:22] - INFO: ------------win3 Light up ------------
2023-02-07 06:48:52,465 - [line:18] - INFO: 第 5 次自动！
2023-02-07 06:48:54,423 - [line:22] - INFO: ------------win1 Light up ------------
2023-02-07 06:48:58,823 - [line:22] - INFO: ------------win2 Light up ------------
2023-02-07 06:49:03,330 - [line:22] - INFO: ------------win3 Light up ------------
2023-02-07 06:51:10,673 - [line:18] - INFO: 第 6 次自动！
2023-02-07 06:51:12,599 - [line:22] - INFO: ------------win1 Light up ------------
2023-02-07 06:51:16,826 - [line:22] - INFO: ------------win2 Light up ------------
2023-02-07 06:51:21,047 - [line:22] - INFO: ------------win3 Light up ------------
2023-02-07 06:53:28,457 - [line:18] - INFO: 第 7 次自动！
2023-02-07 06:53:30,395 - [line:22] - INFO: ------------win1 Light up ------------
2023-02-07 06:53:34,847 - [line:22] - INFO: ------------win2 Light up ------------
2023-02-07 06:53:39,166 - [line:22] - INFO: ------------win3 Light up ------------
2023-02-07 06:55:46,572 - [line:18] - INFO: 第 8 次自动！
2023-02-07 06:55:48,491 - [line:22] - INFO: ------------win1 Light up ------------
2023-02-07 06:55:53,896 - [line:22] - INFO: ------------win2 Light up ------------
2023-02-07 06:55:58,088 - [line:22] - INFO: ------------win3 Light up ------------
2023-02-07 06:58:05,400 - [line:18] - INFO: 第 9 次自动！
2023-02-07 06:58:07,329 - [line:22] - INFO: ------------win1 Light up ------------
2023-02-07 06:58:11,620 - [line:22] - INFO: ------------win2 Light up ------------
2023-02-07 06:58:16,108 - [line:22] - INFO: ------------win3 Light up ------------
2023-02-07 07:00:23,537 - [line:18] - INFO: 第 10 次自动！
2023-02-07 07:00:25,429 - [line:22] - INFO: ------------win1 Light up ------------
2023-02-07 07:00:29,920 - [line:22] - INFO: ------------win2 Light up ------------
2023-02-07 07:00:34,326 - [line:22] - INFO: ------------win3 Light up ------------
2023-02-07 07:02:43,022 - [line:18] - INFO: 第 11 次自动！
2023-02-07 07:02:44,953 - [line:22] - INFO: ------------win1 Light up ------------
2023-02-07 07:02:49,442 - [line:22] - INFO: ------------win2 Light up ------------
2023-02-07 07:02:53,709 - [line:22] - INFO: ------------win3 Light up ------------
2023-02-07 07:05:01,197 - [line:18] - INFO: 第 12 次自动！
2023-02-07 07:05:03,137 - [line:22] - INFO: ------------win1 Light up ------------
2023-02-07 07:05:07,443 - [line:22] - INFO: ------------win2 Light up ------------
2023-02-07 07:05:11,714 - [line:22] - INFO: ------------win3 Light up ------------
2023-02-07 07:07:19,191 - [line:18] - INFO: 第 13 次自动！
2023-02-07 07:07:21,121 - [line:22] - INFO: ------------win1 Light up ------------
2023-02-07 07:07:25,678 - [line:22] - INFO: ------------win2 Light up ------------
2023-02-07 07:07:30,364 - [line:22] - INFO: ------------win3 Light up ------------
2023-02-07 07:09:37,895 - [line:18] - INFO: 第 14 次自动！
2023-02-07 07:09:39,805 - [line:22] - INFO: ------------win1 Light up ------------
2023-02-07 07:10:06,197 - [line:22] - INFO: ------------win2 Light up ------------
2023-02-07 07:10:10,494 - [line:22] - INFO: ------------win3 Light up ------------
2023-02-07 07:12:17,916 - [line:18] - INFO: 第 15 次自动！
2023-02-07 07:12:19,867 - [line:22] - INFO: ------------win1 Light up ------------
2023-02-07 07:12:23,905 - [line:22] - INFO: ------------win2 Light up ------------
2023-02-07 07:12:28,075 - [line:22] - INFO: ------------win3 Light up ------------
2023-02-07 07:14:35,300 - [line:18] - INFO: 第 16 次自动！
2023-02-07 07:14:37,204 - [line:22] - INFO: ------------win1 Light up ------------
2023-02-07 07:14:41,237 - [line:22] - INFO: ------------win2 Light up ------------
2023-02-07 07:14:45,527 - [line:22] - INFO: ------------win3 Light up ------------
2023-02-07 07:17:14,824 - [line:18] - INFO: 第 17 次自动！
2023-02-07 07:17:16,832 - [line:22] - INFO: ------------win1 Light up ------------
2023-02-07 07:17:41,723 - [line:22] - INFO: ------------win2 Light up ------------
2023-02-07 07:17:46,296 - [line:22] - INFO: ------------win3 Light up ------------
2023-02-07 07:19:53,421 - [line:18] - INFO: 第 18 次自动！
2023-02-07 07:19:55,353 - [line:22] - INFO: ------------win1 Light up ------------
2023-02-07 07:20:06,882 - [line:22] - INFO: ------------win2 Light up ------------
2023-02-07 07:20:11,086 - [line:22] - INFO: ------------win3 Light up ------------
2023-02-07 07:22:18,307 - [line:18] - INFO: 第 19 次自动！
2023-02-07 07:22:20,210 - [line:22] - INFO: ------------win1 Light up ------------
2023-02-07 07:22:31,692 - [line:22] - INFO: ------------win2 Light up ------------
2023-02-07 07:22:37,263 - [line:22] - INFO: ------------win3 Light up ------------
2023-02-07 07:24:44,504 - [line:18] - INFO: 第 20 次自动！
2023-02-07 07:24:46,405 - [line:22] - INFO: ------------win1 Light up ------------
2023-02-07 07:24:57,940 - [line:22] - INFO: ------------win2 Light up ------------
2023-02-07 07:25:02,240 - [line:22] - INFO: ------------win3 Light up ------------
2023-02-07 07:27:09,454 - [line:18] - INFO: 第 21 次自动！
2023-02-07 07:27:11,397 - [line:22] - INFO: ------------win1 Light up ------------
2023-02-07 07:27:22,811 - [line:22] - INFO: ------------win2 Light up ------------
2023-02-07 07:27:27,081 - [line:22] - INFO: ------------win3 Light up ------------
2023-02-07 07:29:54,082 - [line:18] - INFO: 第 22 次自动！
2023-02-07 07:29:56,082 - [line:22] - INFO: ------------win2 Light up ------------
2023-02-07 07:30:00,319 - [line:22] - INFO: ------------win3 Light up ------------
2023-02-07 07:32:14,619 - [line:18] - INFO: 第 23 次自动！
2023-02-07 07:32:16,658 - [line:22] - INFO: ------------win2 Light up ------------
2023-02-07 07:32:21,519 - [line:22] - INFO: ------------win3 Light up ------------
2023-02-07 07:34:36,191 - [line:18] - INFO: 第 24 次自动！
2023-02-07 07:34:38,174 - [line:22] - INFO: ------------win2 Light up ------------
2023-02-07 07:34:42,746 - [line:22] - INFO: ------------win3 Light up ------------
2023-02-07 07:36:57,096 - [line:18] - INFO: 第 25 次自动！
2023-02-07 07:36:59,128 - [line:22] - INFO: ------------win2 Light up ------------
2023-02-07 07:37:03,553 - [line:22] - INFO: ------------win3 Light up ------------
2023-02-07 07:39:17,894 - [line:18] - INFO: 第 26 次自动！
2023-02-07 07:39:19,872 - [line:22] - INFO: ------------win2 Light up ------------
2023-02-07 07:41:27,077 - [line:18] - INFO: 第 27 次自动！
2023-02-07 07:41:29,058 - [line:22] - INFO: ------------win2 Light up ------------
2023-02-07 07:43:36,373 - [line:18] - INFO: 第 28 次自动！
2023-02-07 07:43:38,369 - [line:22] - INFO: ------------win2 Light up ------------
2023-02-07 07:45:45,599 - [line:18] - INFO: 第 29 次自动！
2023-02-07 07:45:47,614 - [line:22] - INFO: ------------win2 Light up ------------
2023-02-07 07:47:54,802 - [line:18] - INFO: 第 30 次自动！
2023-02-07 07:47:56,902 - [line:22] - INFO: ------------win2 Light up ------------
2023-02-07 07:50:04,127 - [line:18] - INFO: 第 31 次自动！
2023-02-07 07:50:04,498 - [line:65] - ERROR: 窗口:./image/win/win2.png|./image/win/win21.png暂无匹配!
2023-02-07 07:50:04,499 - [line:37] - ERROR: 注:---------win2 窗口未打开或无法识别!
2023-02-07 07:50:04,499 - [line:41] - ERROR: -------------窗口全部异常,请检查窗口!-------------
2023-02-07 07:50:04,500 - [line:53] - INFO: -------------自动任务结束-------------
2023-02-07 07:51:10,142 - [line:18] - INFO: 第 1 次自动！
2023-02-07 07:51:12,071 - [line:22] - INFO: ------------win1 Light up ------------
2023-02-07 07:52:15,018 - [line:22] - INFO: ------------win2 Light up ------------
2023-02-07 07:52:52,373 - [line:22] - INFO: ------------win3 Light up ------------
2023-02-07 07:55:58,091 - [line:18] - INFO: 第 2 次自动！
2023-02-07 07:55:59,990 - [line:22] - INFO: ------------win1 Light up ------------
2023-02-07 07:56:11,398 - [line:22] - INFO: ------------win2 Light up ------------
2023-02-07 07:56:15,567 - [line:22] - INFO: ------------win3 Light up ------------
2023-02-07 07:58:29,937 - [line:18] - INFO: 第 3 次自动！
2023-02-07 07:58:31,836 - [line:22] - INFO: ------------win1 Light up ------------
2023-02-07 07:58:43,252 - [line:22] - INFO: ------------win2 Light up ------------
2023-02-07 07:58:47,508 - [line:22] - INFO: ------------win3 Light up ------------
2023-02-07 08:01:01,891 - [line:18] - INFO: 第 4 次自动！
2023-02-07 08:01:03,805 - [line:22] - INFO: ------------win1 Light up ------------
2023-02-07 08:01:15,237 - [line:22] - INFO: ------------win2 Light up ------------
2023-02-07 08:01:41,446 - [line:22] - INFO: ------------win3 Light up ------------
